http://de.dbpedia.org/resource/Astana	http://dbpedia.org/ontology/postalCode	1
	2008-12-30T16:32:38Z	617422	Zebra848	010000-010015;
http://de.dbpedia.org/resource/Astana	http://dbpedia.org/ontology/individualisedGnd	1
	2012-06-16T18:18:37Z	41221	AndreasPraefcke	4449241-8;
http://de.dbpedia.org/resource/Astana	http://dbpedia.org/ontology/leaderName	1
	2008-12-30T16:32:38Z	617422	Zebra848	http://de.dbpedia.org/resource/Imanghali_Tasmaghambetow;
http://de.dbpedia.org/resource/Astana	http://xmlns.com/foaf/0.1/name	5
	2012-12-30T12:22:20Z	492187	Inkowik	Астана;
	2012-12-30T12:21:51Z	84.153.248.157		Astana	Астана;
	2010-02-17T21:48:29Z	24261	Aineias	Астана;
	2010-02-17T20:49:42Z	77.24.206.253		Астанна;
	2008-12-30T16:32:38Z	617422	Zebra848	Астана;
http://de.dbpedia.org/resource/Astana	http://dbpedia.org/ontology/populationUrban	8
	2013-03-15T18:45:00Z	617422	Zebra848	780880;
	2013-03-14T23:25:35Z	617422	Zebra848	778083;
	2012-09-15T18:27:27Z	1382262	Saryarka Karaganda	743000;
	2010-11-19T05:00:34Z	446492	Viplux	708794;
	2010-09-04T06:57:25Z	446492	Viplux	705897;
	2010-08-31T01:16:36Z	188.193.181.191		701378;
	2010-04-27T12:22:43Z	617422	Zebra848	691529;
	2008-12-30T16:32:38Z	617422	Zebra848	626228;
http://de.dbpedia.org/resource/Astana	http://dbpedia.org/ontology/vehicleCode	1
	2008-12-30T16:32:38Z	617422	Zebra848	Z;
http://de.dbpedia.org/resource/Astana	http://dbpedia.org/ontology/foundingYear	1
	2008-12-30T16:32:38Z	617422	Zebra848	1830;
http://de.dbpedia.org/resource/Astana	http://dbpedia.org/ontology/areaCode	1
	2008-12-30T16:32:38Z	617422	Zebra848	7172;
http://de.dbpedia.org/resource/Astana	http://www.w3.org/2003/01/geo/wgs84_pos#long	2
	2008-12-30T16:32:38Z	617422	Zebra848	71.41666666666667;
	2008-08-12T13:27:20Z	334890	Eriosw	71.0;
http://de.dbpedia.org/resource/Astana	http://dbpedia.org/ontology/cityType	1
	2008-12-30T16:32:38Z	617422	Zebra848	Stadt mit Sonderstatus;
http://de.dbpedia.org/resource/Astana	http://dbpedia.org/ontology/PopulatedPlace/area	1
	2008-12-30T16:32:38Z	617422	Zebra848	710.0;
http://de.dbpedia.org/resource/Astana	http://www.w3.org/1999/02/22-rdf-syntax-ns#type	5
	2008-12-30T16:32:38Z	617422	Zebra848	http://dbpedia.org/ontology/Settlement	http://dbpedia.org/ontology/PopulatedPlace	http://dbpedia.org/ontology/Place	http://schema.org/Place	http://www.w3.org/2002/07/owl#Thing	http://www.opengis.net/gml/_Feature;
	2008-08-12T13:27:20Z	334890	Eriosw	http://dbpedia.org/ontology/Place	http://schema.org/Place	http://www.w3.org/2002/07/owl#Thing	http://www.opengis.net/gml/_Feature;
	2007-11-02T13:53:22Z	257827	Zopp	http://dbpedia.org/ontology/Place	http://schema.org/Place	http://www.w3.org/2002/07/owl#Thing;
	2005-09-24T11:50:03Z	59508	Schaengel89	;
	2005-06-13T09:53:34Z	149.239.206.50		http://dbpedia.org/ontology/Place	http://schema.org/Place	http://www.w3.org/2002/07/owl#Thing;
http://de.dbpedia.org/resource/Astana	http://dbpedia.org/ontology/area	1
	2008-12-30T16:32:38Z	617422	Zebra848	7.1E8;
http://de.dbpedia.org/resource/Astana	http://www.georss.org/georss/point	2
	2008-12-30T16:32:38Z	617422	Zebra848	51.166666666666664 71.41666666666667;
	2008-08-12T13:27:20Z	334890	Eriosw	51.0 71.0;
http://de.dbpedia.org/resource/Astana	http://dbpedia.org/ontology/elevation	1
	2008-12-30T16:32:38Z	617422	Zebra848	338.0;
http://de.dbpedia.org/resource/Astana	http://dbpedia.org/ontology/censusYear	4
	2013-03-14T23:25:35Z	617422	Zebra848	0001;
	2012-09-15T18:27:27Z	1382262	Saryarka Karaganda	2012;
	2010-04-27T12:22:43Z	617422	Zebra848	2010;
	2008-12-30T16:32:38Z	617422	Zebra848	2008;
http://de.dbpedia.org/resource/Astana	http://www.w3.org/2003/01/geo/wgs84_pos#lat	2
	2008-12-30T16:32:38Z	617422	Zebra848	51.166666666666664;
	2008-08-12T13:27:20Z	334890	Eriosw	51.0;
http://de.dbpedia.org/resource/Ankara	http://www.w3.org/2003/01/geo/wgs84_pos#long	0
http://de.dbpedia.org/resource/Ankara	http://dbpedia.org/ontology/areaUrban	0
http://de.dbpedia.org/resource/Ankara	http://www.w3.org/1999/02/22-rdf-syntax-ns#type	0
http://de.dbpedia.org/resource/Ankara	http://www.georss.org/georss/point	0
http://de.dbpedia.org/resource/Ankara	http://dbpedia.org/ontology/elevation	5
	2012-12-22T09:05:03Z	1282642	Jinafalera	938.0;
	2012-11-03T14:37:08Z	492187	Inkowik	900.0;
	2012-11-03T14:36:54Z	82.83.193.217		5.555555555555556E19;
	2011-10-23T12:39:56Z	139187	Kaisersoft	900.0;
	2011-10-23T12:36:50Z	217.80.100.138		980.0;
http://de.dbpedia.org/resource/Ankara	http://dbpedia.org/ontology/province	2
	2012-05-26T09:06:35Z	1160488	Hephaion	http://de.dbpedia.org/resource/Ankara_(Provinz);
	2012-05-26T09:06:19Z	62.153.30.97		;
http://de.dbpedia.org/resource/Ankara	http://dbpedia.org/ontology/leaderName	0
http://de.dbpedia.org/resource/Ankara	http://dbpedia.org/ontology/censusYear	5
	2013-01-28T14:38:30Z	188.107.94.31		2012;
	2012-06-13T13:14:48Z	525965	Kpisimon	2010;
	2012-06-11T23:02:22Z	94.219.234.91		2011;
	2012-03-05T12:01:25Z	525965	Kpisimon	2010;
	2012-03-05T11:55:27Z	94.219.254.223		2011;
http://de.dbpedia.org/resource/Ankara	http://dbpedia.org/ontology/populationUrban	12
	2013-01-30T09:56:53Z	525965	Kpisimon	4630735;
	2013-01-30T09:32:09Z	188.107.94.31		4965542;
	2013-01-29T09:14:35Z	525965	Kpisimon	4630735;
	2013-01-28T22:41:11Z	188.107.94.31		4965542;
	2013-01-28T14:45:55Z	525965	Kpisimon	4630735;
	2013-01-28T14:38:30Z	188.107.94.31		4965542;
	2012-06-13T13:14:48Z	525965	Kpisimon	4431719;
	2012-06-11T23:02:22Z	94.219.234.91		4890893;
	2012-03-05T12:01:25Z	525965	Kpisimon	4431719;
	2012-03-05T11:55:27Z	94.219.254.223		4890893;
	2011-10-23T12:39:56Z	139187	Kaisersoft	4431719;
	2011-10-23T12:36:50Z	217.80.100.138		44431719;
http://de.dbpedia.org/resource/Ankara	http://dbpedia.org/ontology/PopulatedPlace/areaUrban	0
http://de.dbpedia.org/resource/Ankara	http://www.w3.org/2003/01/geo/wgs84_pos#lat	0
http://de.dbpedia.org/resource/Afghanistan	http://dbpedia.org/ontology/populationTotal	20
	2011-12-24T16:17:58Z	324432	Gravitophoton	29800000;
	2011-12-24T13:50:49Z	1256140	Afgboss45	34800000;
	2011-12-03T21:48:23Z	442485	Goldzahn	29800000;
	2011-12-01T17:10:51Z	1256140	Afgboss45	34400000;
	2011-11-28T10:07:15Z	445977	Pittimann	29800000;
	2011-11-28T10:06:50Z	1256140	Afgboss45	34400000;
	2011-11-26T13:02:17Z	442485	Goldzahn	29800000;
	2011-11-26T12:05:26Z	1256140	Afgboss45	344;
	2011-03-08T14:51:22Z	296930	Duff06	29800000;
	2010-04-24T19:47:23Z	820808	Antemister	28400000;
	2010-04-01T16:46:15Z	407814	Chartinael	25000000;
	2010-04-01T16:43:00Z	87.155.84.193		33000000;
	2009-11-07T21:34:33Z	685128	Zaccarias	25000000;
	2009-04-06T15:09:16Z	518051	Kasadi	32000000;
	2009-02-09T10:01:12Z	628913	Laubbaum	29863000;
	2009-02-09T09:28:42Z	84.138.115.215		;
	2007-10-26T11:01:03Z	464527	Music99	29863000;
	2007-03-16T14:56:09Z	191990	Frado	28766000;
	2007-02-24T17:58:47Z	311513	TheTruth90	24465649;
	2006-07-22T15:29:17Z	176905	User25384	31056997;
http://de.dbpedia.org/resource/Afghanistan	http://dbpedia.org/ontology/currency	3
	2009-02-09T10:01:12Z	628913	Laubbaum	http://de.dbpedia.org/resource/Afghani;
	2009-02-09T09:28:42Z	84.138.115.215		;
	2006-07-22T15:29:17Z	176905	User25384	http://de.dbpedia.org/resource/Afghani;
http://de.dbpedia.org/resource/Afghanistan	http://dbpedia.org/ontology/timeZone	4
	2011-12-09T22:13:51Z	820808	Antemister	http://de.dbpedia.org/resource/UTC+4:30;
	2009-02-09T10:01:12Z	628913	Laubbaum	http://de.dbpedia.org/resource/Coordinated_Universal_Time;
	2009-02-09T09:28:42Z	84.138.115.215		;
	2006-07-22T15:29:17Z	176905	User25384	http://de.dbpedia.org/resource/Coordinated_Universal_Time;
http://de.dbpedia.org/resource/Afghanistan	http://dbpedia.org/ontology/capital	3
	2009-02-09T10:01:12Z	628913	Laubbaum	http://de.dbpedia.org/resource/Kabul;
	2009-02-09T09:28:42Z	84.138.115.215		;
	2006-07-22T15:29:17Z	176905	User25384	http://de.dbpedia.org/resource/Kabul;
http://de.dbpedia.org/resource/Afghanistan	http://dbpedia.org/ontology/PopulatedPlace/populationDensity	7
	2011-12-09T21:47:54Z	820808	Antemister	45.7;
	2009-11-11T18:33:05Z	685128	Zaccarias	38.0;
	2009-02-09T10:01:12Z	628913	Laubbaum	46.0;
	2009-02-09T09:28:42Z	84.138.115.215		;
	2007-10-26T11:01:03Z	464527	Music99	46.0;
	2007-06-19T23:14:48Z	383845	Leuche	44.1;
	2006-07-22T15:29:17Z	176905	User25384	44.0;
http://de.dbpedia.org/resource/Afghanistan	http://dbpedia.org/ontology/vehicleCode	3
	2009-02-09T10:01:12Z	628913	Laubbaum	AFG;
	2009-02-09T09:28:42Z	84.138.115.215		;
	2006-07-22T15:29:17Z	176905	User25384	AFG;
http://de.dbpedia.org/resource/Afghanistan	http://dbpedia.org/ontology/areaCode	3
	2009-02-09T10:01:12Z	628913	Laubbaum	+93;
	2009-02-09T09:28:42Z	84.138.115.215		;
	2006-07-22T15:29:17Z	176905	User25384	+93;
http://de.dbpedia.org/resource/Afghanistan	http://www.w3.org/2003/01/geo/wgs84_pos#long	3
	2009-02-09T10:01:12Z	628913	Laubbaum	66.0;
	2009-02-09T09:28:42Z	84.138.115.215		;
	2008-07-10T07:40:54Z	334890	Eriosw	66.0;
http://de.dbpedia.org/resource/Afghanistan	http://dbpedia.org/ontology/PopulatedPlace/areaTotal	7
	2011-12-09T21:47:54Z	820808	Antemister	652230.0;
	2009-02-09T10:01:12Z	628913	Laubbaum	652225.0;
	2009-02-09T09:28:42Z	84.138.115.215		;
	2007-02-24T17:58:47Z	311513	TheTruth90	652225.0;
	2006-11-27T12:33:00Z	74183	FritzG	647500.0;
	2006-11-27T11:56:06Z	273714	Gonzo bo	65225.0;
	2006-07-22T15:29:17Z	176905	User25384	647500.0;
http://de.dbpedia.org/resource/Afghanistan	http://dbpedia.org/ontology/topLevelDomain	3
	2009-02-09T10:01:12Z	628913	Laubbaum	.af;
	2009-02-09T09:28:42Z	84.138.115.215		;
	2006-07-22T15:29:17Z	176905	User25384	.af;
http://de.dbpedia.org/resource/Afghanistan	http://dbpedia.org/ontology/officialLanguage	19
	2011-12-11T17:24:32Z	1337615	Dr. Egalitarian	http://de.dbpedia.org/resource/Persische_Sprache;
	2011-12-11T17:21:40Z	49470	Hubertl	http://de.dbpedia.org/resource/Paschtunische_Sprache;
	2011-12-11T16:04:30Z	1337615	Dr. Egalitarian	http://de.dbpedia.org/resource/Persische_Sprache;
	2010-01-28T21:16:14Z	749387	Rülpsmann	http://de.dbpedia.org/resource/Paschtunische_Sprache;
	2010-01-28T21:15:10Z	749387	Rülpsmann	;
	2009-08-17T22:07:42Z	40476	Phoenix2	http://de.dbpedia.org/resource/Paschtunische_Sprache	http://de.dbpedia.org/resource/Persische_Sprache;
	2009-08-17T21:30:10Z	103414	Danyalov	http://de.dbpedia.org/resource/Paschtunische_Sprache	http://de.dbpedia.org/resource/Dari;
	2009-08-17T18:19:58Z	533245	Naftoon	http://de.dbpedia.org/resource/Paschtunische_Sprache	http://de.dbpedia.org/resource/Persische_Sprache;
	2009-08-17T10:53:14Z	103414	Danyalov	http://de.dbpedia.org/resource/Paschtunische_Sprache	http://de.dbpedia.org/resource/Dari;
	2009-08-15T21:43:03Z	533245	Naftoon	http://de.dbpedia.org/resource/Paschtunische_Sprache	http://de.dbpedia.org/resource/Persische_Sprache;
	2009-08-15T18:31:47Z	103414	Danyalov	http://de.dbpedia.org/resource/Paschtunische_Sprache	http://de.dbpedia.org/resource/Dari;
	2009-08-15T18:07:23Z	533245	Naftoon	http://de.dbpedia.org/resource/Paschtunische_Sprache	http://de.dbpedia.org/resource/Persische_Sprache;
	2009-08-15T15:54:17Z	103414	Danyalov	http://de.dbpedia.org/resource/Paschtunische_Sprache	http://de.dbpedia.org/resource/Dari;
	2009-02-09T10:01:12Z	628913	Laubbaum	http://de.dbpedia.org/resource/Paschtunische_Sprache	http://de.dbpedia.org/resource/Persische_Sprache;
	2009-02-09T09:28:42Z	84.138.115.215		;
	2008-08-17T16:56:55Z	40476	Phoenix2	http://de.dbpedia.org/resource/Paschtunische_Sprache	http://de.dbpedia.org/resource/Persische_Sprache;
	2008-08-17T16:22:39Z	206190	Emal	http://de.dbpedia.org/resource/Paschtunische_Sprache	http://de.dbpedia.org/resource/Dari;
	2007-09-30T10:29:27Z	669	KAMiKAZOW	http://de.dbpedia.org/resource/Paschtunische_Sprache	http://de.dbpedia.org/resource/Persische_Sprache;
	2006-07-22T15:29:17Z	176905	User25384	http://de.dbpedia.org/resource/Afghanisch	http://de.dbpedia.org/resource/Persische_Sprache;
http://de.dbpedia.org/resource/Afghanistan	http://www.w3.org/1999/02/22-rdf-syntax-ns#type	4
	2009-02-09T10:01:12Z	628913	Laubbaum	http://dbpedia.org/ontology/Country	http://schema.org/Country	http://dbpedia.org/ontology/PopulatedPlace	http://dbpedia.org/ontology/Place	http://schema.org/Place	http://www.w3.org/2002/07/owl#Thing	http://www.opengis.net/gml/_Feature;
	2009-02-09T09:28:42Z	84.138.115.215		;
	2008-07-10T07:40:54Z	334890	Eriosw	http://dbpedia.org/ontology/Country	http://schema.org/Country	http://dbpedia.org/ontology/PopulatedPlace	http://dbpedia.org/ontology/Place	http://schema.org/Place	http://www.w3.org/2002/07/owl#Thing	http://www.opengis.net/gml/_Feature;
	2006-07-22T15:29:17Z	176905	User25384	http://dbpedia.org/ontology/Country	http://schema.org/Country	http://dbpedia.org/ontology/PopulatedPlace	http://dbpedia.org/ontology/Place	http://schema.org/Place	http://www.w3.org/2002/07/owl#Thing;
http://de.dbpedia.org/resource/Afghanistan	http://dbpedia.org/ontology/populationDensity	7
	2011-12-09T21:47:54Z	820808	Antemister	45.7;
	2009-11-11T18:33:05Z	685128	Zaccarias	38.0;
	2009-02-09T10:01:12Z	628913	Laubbaum	46.0;
	2009-02-09T09:28:42Z	84.138.115.215		;
	2007-10-26T11:01:03Z	464527	Music99	46.0;
	2007-06-19T23:14:48Z	383845	Leuche	44.1;
	2006-07-22T15:29:17Z	176905	User25384	44.0;
http://de.dbpedia.org/resource/Afghanistan	http://www.georss.org/georss/point	3
	2009-02-09T10:01:12Z	628913	Laubbaum	33.0 66.0;
	2009-02-09T09:28:42Z	84.138.115.215		;
	2008-07-10T07:40:54Z	334890	Eriosw	33.0 66.0;
http://de.dbpedia.org/resource/Afghanistan	http://dbpedia.org/ontology/anthem	6
	2009-10-11T17:48:36Z	820808	Antemister	http://de.dbpedia.org/resource/Milli_Tharana;
	2009-02-09T10:01:12Z	628913	Laubbaum	http://de.dbpedia.org/resource/Soroud-e-Melli;
	2009-02-09T09:28:42Z	84.138.115.215		;
	2007-05-28T15:36:50Z	362856	Sommerkom	http://de.dbpedia.org/resource/Soroud-e-Melli;
	2006-12-09T14:09:46Z	110232	Omi´s Törtchen	http://de.dbpedia.org/resource/Sououd-e-Melli;
	2006-07-22T15:29:17Z	176905	User25384	http://de.dbpedia.org/resource/Soroud-e-Melli;
http://de.dbpedia.org/resource/Afghanistan	http://dbpedia.org/ontology/censusYear	22
	2011-12-24T16:17:58Z	324432	Gravitophoton	2011;
	2011-12-24T13:50:49Z	1256140	Afgboss45	2001;
	2011-12-24T13:50:10Z	1256140	Afgboss45	2006;
	2011-12-09T21:47:54Z	820808	Antemister	2011;
	2011-12-03T21:48:23Z	442485	Goldzahn	0029;
	2011-12-01T17:10:51Z	1256140	Afgboss45	0034;
	2011-11-28T10:07:15Z	445977	Pittimann	0029;
	2011-11-28T10:06:50Z	1256140	Afgboss45	0034;
	2011-11-26T13:02:17Z	442485	Goldzahn	0029;
	2011-11-26T12:05:26Z	1256140	Afgboss45	0034;
	2011-03-08T14:51:22Z	296930	Duff06	0029;
	2010-04-24T19:47:23Z	820808	Antemister	0028;
	2010-04-01T16:46:15Z	407814	Chartinael	0025;
	2010-04-01T16:43:00Z	87.155.84.193		0033;
	2009-11-07T21:34:33Z	685128	Zaccarias	0025;
	2009-04-06T15:09:16Z	518051	Kasadi	0032;
	2009-02-09T10:01:12Z	628913	Laubbaum	0029;
	2009-02-09T09:28:42Z	84.138.115.215		;
	2007-10-26T11:01:03Z	464527	Music99	0029;
	2007-03-16T14:56:09Z	191990	Frado	0028;
	2007-02-24T17:59:30Z	311513	TheTruth90	2007;
	2006-07-22T15:29:17Z	176905	User25384	2006;
http://de.dbpedia.org/resource/Afghanistan	http://dbpedia.org/ontology/areaTotal	7
	2011-12-09T21:47:54Z	820808	Antemister	6.5223E11;
	2009-02-09T10:01:12Z	628913	Laubbaum	6.52225E11;
	2009-02-09T09:28:42Z	84.138.115.215		;
	2007-02-24T17:58:47Z	311513	TheTruth90	6.52225E11;
	2006-11-27T12:33:00Z	74183	FritzG	6.475E11;
	2006-11-27T11:56:06Z	273714	Gonzo bo	6.5225E10;
	2006-07-22T15:29:17Z	176905	User25384	6.475E11;
http://de.dbpedia.org/resource/Afghanistan	http://www.w3.org/2003/01/geo/wgs84_pos#lat	3
	2009-02-09T10:01:12Z	628913	Laubbaum	33.0;
	2009-02-09T09:28:42Z	84.138.115.215		;
	2008-07-10T07:40:54Z	334890	Eriosw	33.0;
http://de.dbpedia.org/resource/Alexandria	http://dbpedia.org/ontology/leaderTitle	1
	2010-07-06T14:37:03Z	421144	Justus Brücke	Gouverneur;
http://de.dbpedia.org/resource/Alexandria	http://dbpedia.org/ontology/PopulatedPlace/areaTotal	1
	2010-07-06T14:37:03Z	421144	Justus Brücke	2679.0;
http://de.dbpedia.org/resource/Alexandria	http://www.w3.org/2003/01/geo/wgs84_pos#long	1
	2008-05-18T11:36:44Z	91.7.38.72		29.0;
http://de.dbpedia.org/resource/Alexandria	http://dbpedia.org/ontology/populationTotal	1
	2010-07-06T14:37:03Z	421144	Justus Brücke	4545218;
http://de.dbpedia.org/resource/Alexandria	http://www.w3.org/1999/02/22-rdf-syntax-ns#type	2
	2010-07-06T14:37:03Z	421144	Justus Brücke	http://dbpedia.org/ontology/Settlement	http://dbpedia.org/ontology/PopulatedPlace	http://dbpedia.org/ontology/Place	http://schema.org/Place	http://www.w3.org/2002/07/owl#Thing	http://www.opengis.net/gml/_Feature	http://www.opengis.net/gml/_Feature;
	2008-05-18T11:36:44Z	91.7.38.72		http://dbpedia.org/ontology/Place	http://schema.org/Place	http://www.w3.org/2002/07/owl#Thing	http://www.opengis.net/gml/_Feature;
http://de.dbpedia.org/resource/Alexandria	http://www.georss.org/georss/point	3
	2011-01-23T09:25:06Z	671619	Pfieffer Latsch	31.0 29.0;
	2011-01-23T09:24:54Z	79.234.42.119		3.0 29.0;
	2008-05-18T11:36:44Z	91.7.38.72		31.0 29.0;
http://de.dbpedia.org/resource/Alexandria	http://dbpedia.org/ontology/censusYear	1
	2010-07-06T14:37:03Z	421144	Justus Brücke	2009;
http://de.dbpedia.org/resource/Alexandria	http://xmlns.com/foaf/0.1/name	1
	2013-01-02T09:04:57Z	294997	Ulamm	al-Iskandariyya — Alexandria;
http://de.dbpedia.org/resource/Alexandria	http://dbpedia.org/ontology/areaTotal	1
	2010-07-06T14:37:03Z	421144	Justus Brücke	2.679E9;
http://de.dbpedia.org/resource/Alexandria	http://dbpedia.org/ontology/populationUrban	1
	2010-07-06T14:37:03Z	421144	Justus Brücke	4317398;
http://de.dbpedia.org/resource/Alexandria	http://dbpedia.org/ontology/foundingYear	1
	2010-07-06T14:37:03Z	421144	Justus Brücke	0330;
http://de.dbpedia.org/resource/Alexandria	http://www.w3.org/2003/01/geo/wgs84_pos#lat	3
	2011-01-23T09:25:06Z	671619	Pfieffer Latsch	31.0;
	2011-01-23T09:24:54Z	79.234.42.119		3.0;
	2008-05-18T11:36:44Z	91.7.38.72		31.0;